1.6.20a

- Добавлен compilate.bat для компиляции кода в EXE

1.6.19a
Данный релиз можно считать техническим, так как для пользователя не изменилось ничего

- Удалены лишние и неиспользуемые библиотеки
- Изменена логика работы команды 'stop'
- Ранее в events.log вносился весь стек ошибки при использовании команды 'stop'. Теперь, в связи с изменением команды, стек ошибки не вносится в файл events.log
- Использована компиляция, чтобы можно было запускать бота как EXE файл
- Немного изменены логи. Теперь они различаются по цвету. Также явно выделены логи старта и завершения бота

1.5.18a
- Перенос локального репозитория

1.5.17a
- Добавлены embeds для команды 'help', 'ping', 'stop'
- `help` содержит больше информации о боте. Добавлена дата последнего обновления
- Доработан внешний вид логов

1.4.11a
- Добавлена команда 'stop', завершающая работу бота, если команда использована разработчиком
- В связи с новой командой изменено описание команды 'help'
- Изменено логирование. Теперь логи дополняются после перезапуска, а не удаляются
- Изменено имя основного файла с main.py на Bot.py
- В логах теперь указывается текущая задержка при использовании команды 'ping'
- Слегка оптимизировано логирование. Теперь оно не использует конкатинацию
- Добавлены новые источники в README.md

1.3 alpha
- Добавлено логирование в консоль и в файл

1.2 alpha

- Команда 'help' теперь выводит номер сборки

Bugfix:
- Команда 'hello' теперь пингует пользователя
- Исправлена опечатка в тексте

1.1 alpha

- Добавлена история изменений
- Добавлена команда 'ping'
- Добавлена команда 'help'

1.0 alpha

- Начало создания бота
- Добавлена команда 'hello'